{"timestamp": "2026-01-12T16:05:37.856315", "level": "INFO", "message": "Configuration validated.", "module": "main"}
{"timestamp": "2026-01-12T16:05:41.732015", "level": "INFO", "message": "Starting crawl on https://tulsisilks.co.in/ with max_depth=1", "module": "crawler"}
{"timestamp": "2026-01-12T16:05:41.732517", "level": "INFO", "message": "Processing: https://tulsisilks.co.in/ (Depth: 0)", "module": "crawler"}
{"timestamp": "2026-01-12T16:05:43.124376", "level": "INFO", "message": "Retrying with Selenium: https://tulsisilks.co.in/", "module": "crawler"}
{"timestamp": "2026-01-12T16:05:57.612151", "level": "INFO", "message": "Processing: https://tulsisilks.co.in/product/purple-kanjivaram-silk-saree-t732821-t732821 (Depth: 1)", "module": "crawler"}
{"timestamp": "2026-01-12T16:06:00.578173", "level": "INFO", "message": "Processing: https://tulsisilks.co.in/category/blue-sarees (Depth: 1)", "module": "crawler"}
{"timestamp": "2026-01-12T16:06:02.840856", "level": "INFO", "message": "Processing: https://tulsisilks.co.in/blogs/design-ideas-for-black-sarees-borders-motifs-embroidery-modern-patterns (Depth: 1)", "module": "crawler"}
{"timestamp": "2026-01-12T16:06:06.031881", "level": "INFO", "message": "Processing: https://tulsisilks.co.in/product/off-white-patola-silk-handpainted-saree-t669472-t669472 (Depth: 1)", "module": "crawler"}
{"timestamp": "2026-01-12T16:06:08.239854", "level": "INFO", "message": "Processing: https://tulsisilks.co.in/product/pink-kanjivaram-silk-kids-pavadai-t680157-t680157 (Depth: 1)", "module": "crawler"}
{"timestamp": "2026-01-12T16:06:10.527995", "level": "INFO", "message": "Processing: https://tulsisilks.co.in/category/bandhani (Depth: 1)", "module": "crawler"}
{"timestamp": "2026-01-12T16:06:13.612316", "level": "INFO", "message": "Processing: https://tulsisilks.co.in/product/blue-kanjivaram-silk-saree-t682878-1-t682878-1 (Depth: 1)", "module": "crawler"}
{"timestamp": "2026-01-12T16:06:17.264170", "level": "INFO", "message": "Processing: https://tulsisilks.co.in/category/ikat (Depth: 1)", "module": "crawler"}
{"timestamp": "2026-01-12T16:06:20.448760", "level": "INFO", "message": "Processing: https://tulsisilks.co.in/category/kalamkari-collection (Depth: 1)", "module": "crawler"}
{"timestamp": "2026-01-12T16:06:22.690300", "level": "INFO", "message": "Processing: https://tulsisilks.co.in/product/bottle-green-kanjivaram-silk-saree-t716910-t716910 (Depth: 1)", "module": "crawler"}
{"timestamp": "2026-01-12T16:06:26.158420", "level": "INFO", "message": "Processing: https://tulsisilks.co.in/product/purple-patola-silk-saree-t734516-t734516 (Depth: 1)", "module": "crawler"}
{"timestamp": "2026-01-12T16:06:28.447567", "level": "INFO", "message": "Processing: https://tulsisilks.co.in/wishlist (Depth: 1)", "module": "crawler"}
{"timestamp": "2026-01-12T16:06:30.238477", "level": "INFO", "message": "Processing: https://tulsisilks.co.in/product/orangish-pink-kanjivaram-silk-kids-pavadai-t714870-t714870 (Depth: 1)", "module": "crawler"}
{"timestamp": "2026-01-12T16:06:32.905126", "level": "INFO", "message": "Processing: https://tulsisilks.co.in/category/uppada-silk (Depth: 1)", "module": "crawler"}
{"timestamp": "2026-01-12T16:06:35.682259", "level": "INFO", "message": "Processing: https://tulsisilks.co.in/product/pink-soft-silk-saree-t692270-t692270 (Depth: 1)", "module": "crawler"}
{"timestamp": "2026-01-12T16:06:38.431453", "level": "INFO", "message": "Processing: https://tulsisilks.co.in/blogs/how-to-style-a-plain-black-saree-turning-simplicity-into-sophistication (Depth: 1)", "module": "crawler"}
{"timestamp": "2026-01-12T16:06:41.380316", "level": "INFO", "message": "Processing: https://tulsisilks.co.in/product/blue-patola-silk-saree-t707846-t707846 (Depth: 1)", "module": "crawler"}
{"timestamp": "2026-01-12T16:06:47.614460", "level": "INFO", "message": "Processing: https://tulsisilks.co.in/product/dark-green-patola-silk-saree-t734514-t734514 (Depth: 1)", "module": "crawler"}
{"timestamp": "2026-01-12T16:06:49.889545", "level": "INFO", "message": "Processing: https://tulsisilks.co.in/product/purple-kanjivaram-silk-saree-t730889-t730889 (Depth: 1)", "module": "crawler"}
{"timestamp": "2026-01-12T16:06:52.418168", "level": "INFO", "message": "Processing: https://tulsisilks.co.in/product/bottle-green-kanjivaram-silk-saree-t676063-t676063 (Depth: 1)", "module": "crawler"}
{"timestamp": "2026-01-12T16:06:55.221031", "level": "INFO", "message": "Processing: https://tulsisilks.co.in/category/muhurtham-pattu-sarees (Depth: 1)", "module": "crawler"}
{"timestamp": "2026-01-12T16:06:57.486868", "level": "INFO", "message": "Processing: https://tulsisilks.co.in/category/engagement-sarees (Depth: 1)", "module": "crawler"}
{"timestamp": "2026-01-12T16:06:59.922987", "level": "INFO", "message": "Processing: https://tulsisilks.co.in/category/kanjivaram-silk-sarees (Depth: 1)", "module": "crawler"}
{"timestamp": "2026-01-12T16:07:02.341998", "level": "INFO", "message": "Processing: https://tulsisilks.co.in/category/pongal-sarees (Depth: 1)", "module": "crawler"}
{"timestamp": "2026-01-12T16:07:04.438106", "level": "INFO", "message": "Processing: https://tulsisilks.co.in/category/red-sarees (Depth: 1)", "module": "crawler"}
{"timestamp": "2026-01-12T16:07:07.130572", "level": "INFO", "message": "Processing: https://tulsisilks.co.in/category/banarasi-silk-sarees (Depth: 1)", "module": "crawler"}
{"timestamp": "2026-01-12T16:07:10.135050", "level": "INFO", "message": "Processing: https://tulsisilks.co.in/category/karwa-chauth-sarees (Depth: 1)", "module": "crawler"}
{"timestamp": "2026-01-12T16:07:12.235670", "level": "INFO", "message": "Processing: https://tulsisilks.co.in/category/ajrakh (Depth: 1)", "module": "crawler"}
{"timestamp": "2026-01-12T16:07:16.026412", "level": "INFO", "message": "Processing: https://tulsisilks.co.in/account (Depth: 1)", "module": "crawler"}
{"timestamp": "2026-01-12T16:07:18.248137", "level": "INFO", "message": "Processing: https://tulsisilks.co.in/category/georgette (Depth: 1)", "module": "crawler"}
{"timestamp": "2026-01-12T16:07:21.133738", "level": "INFO", "message": "Processing: https://tulsisilks.co.in/category/lavender-sarees (Depth: 1)", "module": "crawler"}
{"timestamp": "2026-01-12T16:07:23.567469", "level": "INFO", "message": "Processing: https://tulsisilks.co.in/product/off-white-handwoven-kanjivaram-silk-dhoti-and-vastharam-t721989-t721989 (Depth: 1)", "module": "crawler"}
{"timestamp": "2026-01-12T16:07:26.877589", "level": "INFO", "message": "Processing: https://tulsisilks.co.in/product/orangish-pink-kanjivaram-silk-saree-t240056-t240056 (Depth: 1)", "module": "crawler"}
{"timestamp": "2026-01-12T16:07:29.444891", "level": "INFO", "message": "Processing: https://tulsisilks.co.in/product/black-kanjivaram-silk-saree-t665879-t665879 (Depth: 1)", "module": "crawler"}
{"timestamp": "2026-01-12T16:07:31.987423", "level": "INFO", "message": "Processing: https://tulsisilks.co.in/blogs/draping-styles-for-black-sarees-elegant-modern-festive-techniques (Depth: 1)", "module": "crawler"}
{"timestamp": "2026-01-12T16:07:34.250090", "level": "INFO", "message": "Processing: https://tulsisilks.co.in/category/grey-sarees (Depth: 1)", "module": "crawler"}
{"timestamp": "2026-01-12T16:07:37.283225", "level": "INFO", "message": "Processing: https://tulsisilks.co.in/category/summer-sarees (Depth: 1)", "module": "crawler"}
{"timestamp": "2026-01-12T16:07:40.363980", "level": "INFO", "message": "Processing: https://tulsisilks.co.in/product/off-white-kora-organza-embroidery-saree-t383111-t383111 (Depth: 1)", "module": "crawler"}
{"timestamp": "2026-01-12T16:07:42.798279", "level": "INFO", "message": "Processing: https://tulsisilks.co.in/category/farewell-sarees (Depth: 1)", "module": "crawler"}
{"timestamp": "2026-01-12T16:07:45.051996", "level": "INFO", "message": "Processing: https://tulsisilks.co.in/category/pastel-sarees (Depth: 1)", "module": "crawler"}
{"timestamp": "2026-01-12T16:07:47.441452", "level": "INFO", "message": "Processing: https://tulsisilks.co.in/blogs/creative-black-saree-drapes-you-must-try-from-party-looks-to-traditional-styles (Depth: 1)", "module": "crawler"}
{"timestamp": "2026-01-12T16:07:51.291265", "level": "INFO", "message": "Processing: https://tulsisilks.co.in/blogs/makeup-looks-that-enhance-a-black-saree-classic-bold-minimal-styles (Depth: 1)", "module": "crawler"}
{"timestamp": "2026-01-12T16:07:54.463989", "level": "INFO", "message": "Processing: https://tulsisilks.co.in/product/purple-banaras-tussar-saree-t734211-t734211 (Depth: 1)", "module": "crawler"}
{"timestamp": "2026-01-12T16:07:56.795400", "level": "INFO", "message": "Processing: https://tulsisilks.co.in/product/purple-kanjivaram-silk-saree-t680610-t680610 (Depth: 1)", "module": "crawler"}
{"timestamp": "2026-01-12T16:07:59.861911", "level": "INFO", "message": "Processing: https://tulsisilks.co.in/product/light-blue-kanjivaram-silk-saree-t728626-t728626 (Depth: 1)", "module": "crawler"}
{"timestamp": "2026-01-12T16:08:02.660804", "level": "INFO", "message": "Processing: https://tulsisilks.co.in/category/orange-sarees (Depth: 1)", "module": "crawler"}
{"timestamp": "2026-01-12T16:08:05.490634", "level": "INFO", "message": "Processing: https://tulsisilks.co.in/product/brown-kanjivaram-silk-saree-t726065-t726065 (Depth: 1)", "module": "crawler"}
{"timestamp": "2026-01-12T16:08:08.897132", "level": "INFO", "message": "Processing: https://tulsisilks.co.in/category/multi-colour-sarees (Depth: 1)", "module": "crawler"}
{"timestamp": "2026-01-12T16:08:11.955976", "level": "INFO", "message": "Processing: https://tulsisilks.co.in/product/blue-ikat-silk-saree-t734687-t734687 (Depth: 1)", "module": "crawler"}
{"timestamp": "2026-01-12T16:08:15.530523", "level": "INFO", "message": "Processing: https://tulsisilks.co.in/product/blue-art-crepe-tissue-silk-saree-with-kalamkari-blouse-t732609-t732609 (Depth: 1)", "module": "crawler"}
{"timestamp": "2026-01-12T16:08:17.925464", "level": "INFO", "message": "Processing: https://tulsisilks.co.in/category/party-sarees (Depth: 1)", "module": "crawler"}
{"timestamp": "2026-01-12T16:08:22.513355", "level": "INFO", "message": "Processing: https://tulsisilks.co.in/category/peach-sarees (Depth: 1)", "module": "crawler"}
{"timestamp": "2026-01-12T16:08:25.557785", "level": "INFO", "message": "Processing: https://tulsisilks.co.in/category/bridal-sarees (Depth: 1)", "module": "crawler"}
{"timestamp": "2026-01-12T16:08:28.556310", "level": "INFO", "message": "Processing: https://tulsisilks.co.in/product/maroon-kanjivaram-silk-saree-t639440-t639440 (Depth: 1)", "module": "crawler"}
{"timestamp": "2026-01-12T16:08:32.442765", "level": "INFO", "message": "Processing: https://tulsisilks.co.in/product/white-linen-printed-saree-t483768-t483768 (Depth: 1)", "module": "crawler"}
{"timestamp": "2026-01-12T16:08:35.565635", "level": "INFO", "message": "Processing: https://tulsisilks.co.in/product/green-kanjivaram-silk-kids-pavadai-t432407-1-t432407-1 (Depth: 1)", "module": "crawler"}
{"timestamp": "2026-01-12T16:08:38.289261", "level": "INFO", "message": "Processing: https://tulsisilks.co.in/product/lavender-kanjivaram-silk-saree-t723321-t723321 (Depth: 1)", "module": "crawler"}
{"timestamp": "2026-01-12T16:08:41.018358", "level": "INFO", "message": "Processing: https://tulsisilks.co.in/category/organza-sarees (Depth: 1)", "module": "crawler"}
{"timestamp": "2026-01-12T16:08:43.746683", "level": "INFO", "message": "Processing: https://tulsisilks.co.in/product/blue-kora-organza-embroidery-saree-t734384-t734384 (Depth: 1)", "module": "crawler"}
{"timestamp": "2026-01-12T16:08:46.983145", "level": "INFO", "message": "Processing: https://tulsisilks.co.in/product/off-white-patola-silk-handpainted-saree-t669471-t669471 (Depth: 1)", "module": "crawler"}
{"timestamp": "2026-01-12T16:08:49.481363", "level": "INFO", "message": "Processing: https://tulsisilks.co.in/category/kani-silk (Depth: 1)", "module": "crawler"}
{"timestamp": "2026-01-12T16:08:52.648205", "level": "INFO", "message": "Processing: https://tulsisilks.co.in/category/maroon-sarees (Depth: 1)", "module": "crawler"}
{"timestamp": "2026-01-12T16:08:55.165261", "level": "INFO", "message": "Processing: https://tulsisilks.co.in/category/festive-sarees (Depth: 1)", "module": "crawler"}
{"timestamp": "2026-01-12T16:08:59.719241", "level": "INFO", "message": "Processing: https://tulsisilks.co.in/category/embroidered-sarees (Depth: 1)", "module": "crawler"}
{"timestamp": "2026-01-12T16:09:03.789682", "level": "INFO", "message": "Processing: https://tulsisilks.co.in/category/magenta-sarees (Depth: 1)", "module": "crawler"}
{"timestamp": "2026-01-12T16:09:05.928648", "level": "INFO", "message": "Processing: https://tulsisilks.co.in/category/patola (Depth: 1)", "module": "crawler"}
{"timestamp": "2026-01-12T16:09:08.181750", "level": "INFO", "message": "Processing: https://tulsisilks.co.in/category/floral-sarees (Depth: 1)", "module": "crawler"}
{"timestamp": "2026-01-12T16:09:11.176287", "level": "INFO", "message": "Processing: https://tulsisilks.co.in/product/off-white-patola-silk-handpainted-saree-t669470-t669470 (Depth: 1)", "module": "crawler"}
{"timestamp": "2026-01-12T16:09:13.614470", "level": "INFO", "message": "Processing: https://tulsisilks.co.in/category/green-sarees (Depth: 1)", "module": "crawler"}
{"timestamp": "2026-01-12T16:09:16.069254", "level": "INFO", "message": "Processing: https://tulsisilks.co.in/category/wedding-sarees (Depth: 1)", "module": "crawler"}
{"timestamp": "2026-01-12T16:09:20.772184", "level": "INFO", "message": "Processing: https://tulsisilks.co.in/product/peacock-blue-kanjivaram-silk-saree-t667086-t667086 (Depth: 1)", "module": "crawler"}
{"timestamp": "2026-01-12T16:09:24.202682", "level": "INFO", "message": "Processing: https://tulsisilks.co.in/blogs/should-you-wear-a-black-saree-to-a-wedding-style-alternatives-what-to-choose-instead (Depth: 1)", "module": "crawler"}
{"timestamp": "2026-01-12T16:09:26.759124", "level": "INFO", "message": "Processing: https://tulsisilks.co.in/product/yellow-kanjivaram-silk-saree-t677497-t677497 (Depth: 1)", "module": "crawler"}
{"timestamp": "2026-01-12T16:09:29.684715", "level": "INFO", "message": "Processing: https://tulsisilks.co.in/blogs/is-black-saree-allowed-on-sankranti-customs-dos-donts-explained (Depth: 1)", "module": "crawler"}
{"timestamp": "2026-01-12T16:09:32.547663", "level": "INFO", "message": "Processing: https://tulsisilks.co.in/category/pink-sarees (Depth: 1)", "module": "crawler"}
{"timestamp": "2026-01-12T16:09:35.198432", "level": "INFO", "message": "Processing: https://tulsisilks.co.in/category/chiffon (Depth: 1)", "module": "crawler"}
{"timestamp": "2026-01-12T16:09:38.942583", "level": "INFO", "message": "Processing: https://tulsisilks.co.in/product/greenish-blue-soft-silk-saree-t714809-t714809 (Depth: 1)", "module": "crawler"}
{"timestamp": "2026-01-12T16:09:41.322173", "level": "INFO", "message": "Processing: https://tulsisilks.co.in/product/bluish-purple-kanjivaram-silk-saree-t649916-t649916 (Depth: 1)", "module": "crawler"}
{"timestamp": "2026-01-12T16:09:44.082002", "level": "INFO", "message": "Processing: https://tulsisilks.co.in/product/peach-kanjivaram-silk-kids-pavadai-t687467-t687467 (Depth: 1)", "module": "crawler"}
{"timestamp": "2026-01-12T16:09:48.436306", "level": "INFO", "message": "Processing: https://tulsisilks.co.in/product/pink-ikat-silk-saree-t734692-t734692 (Depth: 1)", "module": "crawler"}
{"timestamp": "2026-01-12T16:09:50.838069", "level": "INFO", "message": "Processing: https://tulsisilks.co.in/product/midnight-blue-art-crepe-tissue-silk-saree-with-kalamkari-blouse-t732614-t732614 (Depth: 1)", "module": "crawler"}
{"timestamp": "2026-01-12T16:09:53.501619", "level": "INFO", "message": "Processing: https://tulsisilks.co.in/category/akai-printed-kanjivaram (Depth: 1)", "module": "crawler"}
{"timestamp": "2026-01-12T16:09:56.342106", "level": "INFO", "message": "Processing: https://tulsisilks.co.in/category/view-all-six-yards (Depth: 1)", "module": "crawler"}
{"timestamp": "2026-01-12T16:10:01.650337", "level": "INFO", "message": "Processing: https://tulsisilks.co.in/category/diwali-sarees (Depth: 1)", "module": "crawler"}
{"timestamp": "2026-01-12T16:10:05.962924", "level": "INFO", "message": "Processing: https://tulsisilks.co.in/blogs/how-to-dress-up-in-a-black-saree-a-step-by-step-guide-to-a-stunning-look (Depth: 1)", "module": "crawler"}
{"timestamp": "2026-01-12T16:10:09.538356", "level": "INFO", "message": "Processing: https://tulsisilks.co.in/category/crepe (Depth: 1)", "module": "crawler"}
{"timestamp": "2026-01-12T16:10:12.497585", "level": "INFO", "message": "Processing: https://tulsisilks.co.in/product/black-kanjivaram-silk-saree-t712546-t712546 (Depth: 1)", "module": "crawler"}
{"timestamp": "2026-01-12T16:10:14.976061", "level": "INFO", "message": "Processing: https://tulsisilks.co.in/category/daily-sarees (Depth: 1)", "module": "crawler"}
{"timestamp": "2026-01-12T16:10:18.015349", "level": "INFO", "message": "Processing: https://tulsisilks.co.in/category/mysore-silk (Depth: 1)", "module": "crawler"}
{"timestamp": "2026-01-12T16:10:22.034942", "level": "INFO", "message": "Processing: https://tulsisilks.co.in/category/white-sarees (Depth: 1)", "module": "crawler"}
{"timestamp": "2026-01-12T16:10:24.791634", "level": "INFO", "message": "Processing: https://tulsisilks.co.in/category/yellow-sarees (Depth: 1)", "module": "crawler"}
{"timestamp": "2026-01-12T16:10:28.128960", "level": "INFO", "message": "Processing: https://tulsisilks.co.in/category/gadwal (Depth: 1)", "module": "crawler"}
{"timestamp": "2026-01-12T16:10:30.774861", "level": "INFO", "message": "Processing: https://tulsisilks.co.in/blogs/how-to-wear-a-black-saree-gracefully-fit-styling-draping-secrets (Depth: 1)", "module": "crawler"}
{"timestamp": "2026-01-12T16:10:33.732852", "level": "INFO", "message": "Processing: https://tulsisilks.co.in/category/purple-sarees (Depth: 1)", "module": "crawler"}
{"timestamp": "2026-01-12T16:10:38.540920", "level": "INFO", "message": "Processing: https://tulsisilks.co.in/category/fancy-sarees (Depth: 1)", "module": "crawler"}
{"timestamp": "2026-01-12T16:10:41.188844", "level": "INFO", "message": "Processing: https://tulsisilks.co.in/category/chaniya-silk (Depth: 1)", "module": "crawler"}
{"timestamp": "2026-01-12T16:10:43.576194", "level": "INFO", "message": "Processing: https://tulsisilks.co.in/category/tussar-georgette (Depth: 1)", "module": "crawler"}
{"timestamp": "2026-01-12T16:10:46.511493", "level": "INFO", "message": "Processing: https://tulsisilks.co.in/category/kantha-work (Depth: 1)", "module": "crawler"}
{"timestamp": "2026-01-12T16:10:48.643347", "level": "INFO", "message": "Processing: https://tulsisilks.co.in/category/black-sarees (Depth: 1)", "module": "crawler"}
{"timestamp": "2026-01-12T16:10:52.140733", "level": "INFO", "message": "Processing: https://tulsisilks.co.in/cart (Depth: 1)", "module": "crawler"}
{"timestamp": "2026-01-12T16:10:54.372842", "level": "INFO", "message": "Processing: https://tulsisilks.co.in/category/brown-sarees (Depth: 1)", "module": "crawler"}
{"timestamp": "2026-01-12T16:10:57.239741", "level": "INFO", "message": "Processing: https://tulsisilks.co.in/category/silk-sarees (Depth: 1)", "module": "crawler"}
{"timestamp": "2026-01-12T16:11:00.106318", "level": "INFO", "message": "Processing: https://tulsisilks.co.in/product/purple-kanjivaram-silk-saree-t732657-t732657 (Depth: 1)", "module": "crawler"}
{"timestamp": "2026-01-12T16:11:03.052596", "level": "INFO", "message": "Processing: https://tulsisilks.co.in/category/traditional-sarees (Depth: 1)", "module": "crawler"}
{"timestamp": "2026-01-12T16:11:09.191717", "level": "INFO", "message": "Processing: https://tulsisilks.co.in/product/pink-kanjivaram-silk-kids-pavadai-t642378-t642378 (Depth: 1)", "module": "crawler"}
{"timestamp": "2026-01-12T16:11:12.974300", "level": "INFO", "message": "Processing: https://tulsisilks.co.in/blogs/wedding-appropriate-saree-styling-why-black-is-best-avoided-where-it-truly-shines (Depth: 1)", "module": "crawler"}
{"timestamp": "2026-01-12T16:11:15.209865", "level": "INFO", "message": "Processing: https://tulsisilks.co.in/category/baluchari (Depth: 1)", "module": "crawler"}
{"timestamp": "2026-01-12T16:11:17.907144", "level": "INFO", "message": "Processing: https://tulsisilks.co.in/category/printed-sarees (Depth: 1)", "module": "crawler"}
{"timestamp": "2026-01-12T16:11:20.401308", "level": "INFO", "message": "Processing: https://tulsisilks.co.in/product/peach-kanjivaram-silk-kids-pavadai-t619465-t619465 (Depth: 1)", "module": "crawler"}
{"timestamp": "2026-01-12T16:11:22.781632", "level": "INFO", "message": "Processing: https://tulsisilks.co.in/category/beige-sarees (Depth: 1)", "module": "crawler"}
{"timestamp": "2026-01-12T16:11:25.129342", "level": "INFO", "message": "Closing WebDriver...", "module": "crawler"}
{"timestamp": "2026-01-12T16:11:27.377474", "level": "INFO", "message": "Crawl finished.", "module": "crawler"}
{"timestamp": "2026-01-12T16:55:54.037349", "level": "INFO", "message": "Starting crawl on https://tulsisilks.co.in/ with max_depth=1", "module": "crawler"}
{"timestamp": "2026-01-12T16:55:54.140306", "level": "INFO", "message": "Processing: https://tulsisilks.co.in/ (Depth: 0)", "module": "crawler"}
{"timestamp": "2026-01-12T16:55:55.671950", "level": "INFO", "message": "Retrying with Selenium: https://tulsisilks.co.in/", "module": "crawler"}
{"timestamp": "2026-01-12T16:56:03.869305", "level": "INFO", "message": "Processing: https://tulsisilks.co.in/category/gadwal (Depth: 1)", "module": "crawler"}
{"timestamp": "2026-01-12T16:56:06.577219", "level": "INFO", "message": "Processing: https://tulsisilks.co.in/category/georgette (Depth: 1)", "module": "crawler"}
{"timestamp": "2026-01-12T16:56:10.021892", "level": "INFO", "message": "Processing: https://tulsisilks.co.in/category/grey-sarees (Depth: 1)", "module": "crawler"}
{"timestamp": "2026-01-12T16:56:12.959464", "level": "INFO", "message": "Processing: https://tulsisilks.co.in/blogs/makeup-looks-that-enhance-a-black-saree-classic-bold-minimal-styles (Depth: 1)", "module": "crawler"}
{"timestamp": "2026-01-12T16:56:15.141372", "level": "INFO", "message": "Processing: https://tulsisilks.co.in/category/banarasi-silk-sarees (Depth: 1)", "module": "crawler"}
{"timestamp": "2026-01-12T16:56:17.944947", "level": "INFO", "message": "Processing: https://tulsisilks.co.in/category/party-sarees (Depth: 1)", "module": "crawler"}
{"timestamp": "2026-01-12T16:56:21.259847", "level": "INFO", "message": "Processing: https://tulsisilks.co.in/category/kalamkari-collection (Depth: 1)", "module": "crawler"}
{"timestamp": "2026-01-12T16:56:25.194860", "level": "INFO", "message": "Processing: https://tulsisilks.co.in/product/bottle-green-kanjivaram-silk-saree-t676063-t676063 (Depth: 1)", "module": "crawler"}
{"timestamp": "2026-01-12T16:56:29.146133", "level": "INFO", "message": "Processing: https://tulsisilks.co.in/product/yellow-crepe-silk-saree-t722519-t722519 (Depth: 1)", "module": "crawler"}
{"timestamp": "2026-01-12T16:56:33.467390", "level": "INFO", "message": "Processing: https://tulsisilks.co.in/category/floral-sarees (Depth: 1)", "module": "crawler"}
{"timestamp": "2026-01-12T16:56:36.926612", "level": "INFO", "message": "Processing: https://tulsisilks.co.in/product/blue-patola-silk-saree-t707846-t707846 (Depth: 1)", "module": "crawler"}
{"timestamp": "2026-01-12T16:56:40.811181", "level": "INFO", "message": "Processing: https://tulsisilks.co.in/product/peach-crepe-silk-saree-t722532-t722532 (Depth: 1)", "module": "crawler"}
{"timestamp": "2026-01-12T16:56:43.321934", "level": "INFO", "message": "Processing: https://tulsisilks.co.in/product/bottle-green-kanjivaram-silk-saree-t716910-t716910 (Depth: 1)", "module": "crawler"}
{"timestamp": "2026-01-12T16:56:46.579243", "level": "INFO", "message": "Processing: https://tulsisilks.co.in/product/purple-kanjivaram-silk-saree-t732821-t732821 (Depth: 1)", "module": "crawler"}
{"timestamp": "2026-01-12T16:56:48.929271", "level": "INFO", "message": "Processing: https://tulsisilks.co.in/category/baluchari (Depth: 1)", "module": "crawler"}
{"timestamp": "2026-01-12T16:56:51.402017", "level": "INFO", "message": "Processing: https://tulsisilks.co.in/product/orangish-pink-kanjivaram-silk-saree-t240056-t240056 (Depth: 1)", "module": "crawler"}
{"timestamp": "2026-01-12T16:56:54.064666", "level": "INFO", "message": "Processing: https://tulsisilks.co.in/category/crepe (Depth: 1)", "module": "crawler"}
{"timestamp": "2026-01-12T16:56:56.405422", "level": "INFO", "message": "Processing: https://tulsisilks.co.in/category/magenta-sarees (Depth: 1)", "module": "crawler"}
{"timestamp": "2026-01-12T16:56:59.354054", "level": "INFO", "message": "Processing: https://tulsisilks.co.in/category/red-sarees (Depth: 1)", "module": "crawler"}
{"timestamp": "2026-01-12T16:57:02.117310", "level": "INFO", "message": "Processing: https://tulsisilks.co.in/product/pink-kanjivaram-silk-kids-pavadai-t680157-t680157 (Depth: 1)", "module": "crawler"}
{"timestamp": "2026-01-12T16:57:04.435833", "level": "INFO", "message": "Processing: https://tulsisilks.co.in/category/engagement-sarees (Depth: 1)", "module": "crawler"}
{"timestamp": "2026-01-12T16:57:08.497949", "level": "INFO", "message": "Processing: https://tulsisilks.co.in/blogs/how-to-wear-a-black-saree-gracefully-fit-styling-draping-secrets (Depth: 1)", "module": "crawler"}
{"timestamp": "2026-01-12T16:57:10.740046", "level": "INFO", "message": "Processing: https://tulsisilks.co.in/product/midnight-blue-art-crepe-tissue-silk-saree-with-kalamkari-blouse-t732614-t732614 (Depth: 1)", "module": "crawler"}
{"timestamp": "2026-01-12T16:57:13.757847", "level": "INFO", "message": "Processing: https://tulsisilks.co.in/blogs/is-black-saree-allowed-on-sankranti-customs-dos-donts-explained (Depth: 1)", "module": "crawler"}
{"timestamp": "2026-01-12T16:57:18.966459", "level": "INFO", "message": "Processing: https://tulsisilks.co.in/category/yellow-sarees (Depth: 1)", "module": "crawler"}
{"timestamp": "2026-01-12T16:57:21.384328", "level": "INFO", "message": "Processing: https://tulsisilks.co.in/product/blue-kora-organza-embroidery-saree-t734384-t734384 (Depth: 1)", "module": "crawler"}
{"timestamp": "2026-01-12T16:57:24.470785", "level": "INFO", "message": "Processing: https://tulsisilks.co.in/category/pastel-sarees (Depth: 1)", "module": "crawler"}
{"timestamp": "2026-01-12T16:57:28.160793", "level": "INFO", "message": "Processing: https://tulsisilks.co.in/product/peach-kanjivaram-silk-kids-pavadai-t687467-t687467 (Depth: 1)", "module": "crawler"}
{"timestamp": "2026-01-12T16:57:30.856607", "level": "INFO", "message": "Processing: https://tulsisilks.co.in/category/peach-sarees (Depth: 1)", "module": "crawler"}
{"timestamp": "2026-01-12T16:57:33.071644", "level": "INFO", "message": "Processing: https://tulsisilks.co.in/product/peach-kanjivaram-silk-kids-pavadai-t619465-t619465 (Depth: 1)", "module": "crawler"}
{"timestamp": "2026-01-12T16:57:35.322715", "level": "INFO", "message": "Processing: https://tulsisilks.co.in/category/muhurtham-pattu-sarees (Depth: 1)", "module": "crawler"}
{"timestamp": "2026-01-12T16:57:37.677765", "level": "INFO", "message": "Processing: https://tulsisilks.co.in/product/purple-kanjivaram-silk-saree-t730889-t730889 (Depth: 1)", "module": "crawler"}
{"timestamp": "2026-01-12T16:57:40.065037", "level": "INFO", "message": "Processing: https://tulsisilks.co.in/category/organza-sarees (Depth: 1)", "module": "crawler"}
{"timestamp": "2026-01-12T16:57:42.774123", "level": "INFO", "message": "Processing: https://tulsisilks.co.in/product/off-white-kora-organza-embroidery-saree-t383111-t383111 (Depth: 1)", "module": "crawler"}
{"timestamp": "2026-01-12T16:57:45.352589", "level": "INFO", "message": "Processing: https://tulsisilks.co.in/category/view-all-six-yards (Depth: 1)", "module": "crawler"}
{"timestamp": "2026-01-12T16:57:49.842448", "level": "INFO", "message": "Processing: https://tulsisilks.co.in/product/pink-crepe-silk-saree-t722515-t722515 (Depth: 1)", "module": "crawler"}
{"timestamp": "2026-01-12T16:57:52.285966", "level": "INFO", "message": "Processing: https://tulsisilks.co.in/product/purple-banaras-tussar-saree-t734211-t734211 (Depth: 1)", "module": "crawler"}
{"timestamp": "2026-01-12T16:57:54.902018", "level": "INFO", "message": "Processing: https://tulsisilks.co.in/category/chaniya-silk (Depth: 1)", "module": "crawler"}
{"timestamp": "2026-01-12T16:57:57.415974", "level": "INFO", "message": "Processing: https://tulsisilks.co.in/product/off-white-patola-silk-handpainted-saree-t669470-t669470 (Depth: 1)", "module": "crawler"}
{"timestamp": "2026-01-12T16:58:00.102731", "level": "INFO", "message": "Processing: https://tulsisilks.co.in/category/white-sarees (Depth: 1)", "module": "crawler"}
{"timestamp": "2026-01-12T16:58:04.108712", "level": "INFO", "message": "Processing: https://tulsisilks.co.in/product/off-white-patola-silk-handpainted-saree-t669471-t669471 (Depth: 1)", "module": "crawler"}
{"timestamp": "2026-01-12T16:58:06.733179", "level": "INFO", "message": "Processing: https://tulsisilks.co.in/category/orange-sarees (Depth: 1)", "module": "crawler"}
{"timestamp": "2026-01-12T16:58:09.246321", "level": "INFO", "message": "Processing: https://tulsisilks.co.in/category/patola (Depth: 1)", "module": "crawler"}
{"timestamp": "2026-01-12T16:58:11.978425", "level": "INFO", "message": "Processing: https://tulsisilks.co.in/product/brown-kanjivaram-silk-saree-t726065-t726065 (Depth: 1)", "module": "crawler"}
{"timestamp": "2026-01-12T16:58:14.331598", "level": "INFO", "message": "Processing: https://tulsisilks.co.in/product/dark-green-patola-silk-saree-t734514-t734514 (Depth: 1)", "module": "crawler"}
{"timestamp": "2026-01-12T16:58:17.441868", "level": "INFO", "message": "Processing: https://tulsisilks.co.in/category/wedding-sarees (Depth: 1)", "module": "crawler"}
{"timestamp": "2026-01-12T16:58:19.763923", "level": "INFO", "message": "Processing: https://tulsisilks.co.in/category/silk-sarees (Depth: 1)", "module": "crawler"}
{"timestamp": "2026-01-12T16:58:23.015925", "level": "INFO", "message": "Processing: https://tulsisilks.co.in/category/akai-printed-kanjivaram (Depth: 1)", "module": "crawler"}
{"timestamp": "2026-01-12T16:58:25.602269", "level": "INFO", "message": "Processing: https://tulsisilks.co.in/product/black-kanjivaram-silk-saree-t712546-t712546 (Depth: 1)", "module": "crawler"}
{"timestamp": "2026-01-12T16:58:28.330455", "level": "INFO", "message": "Processing: https://tulsisilks.co.in/category/daily-sarees (Depth: 1)", "module": "crawler"}
{"timestamp": "2026-01-12T16:58:30.573422", "level": "INFO", "message": "Processing: https://tulsisilks.co.in/product/orangish-pink-kanjivaram-silk-kids-pavadai-t714870-t714870 (Depth: 1)", "module": "crawler"}
{"timestamp": "2026-01-12T16:58:33.264532", "level": "INFO", "message": "Processing: https://tulsisilks.co.in/category/tussar-georgette (Depth: 1)", "module": "crawler"}
{"timestamp": "2026-01-12T16:58:35.368805", "level": "INFO", "message": "Processing: https://tulsisilks.co.in/category/fancy-sarees (Depth: 1)", "module": "crawler"}
{"timestamp": "2026-01-12T16:58:38.048182", "level": "INFO", "message": "Processing: https://tulsisilks.co.in/category/purple-sarees (Depth: 1)", "module": "crawler"}
{"timestamp": "2026-01-12T16:58:44.211427", "level": "INFO", "message": "Processing: https://tulsisilks.co.in/category/lavender-sarees (Depth: 1)", "module": "crawler"}
{"timestamp": "2026-01-12T16:58:46.999635", "level": "INFO", "message": "Processing: https://tulsisilks.co.in/product/blue-art-crepe-tissue-silk-saree-with-kalamkari-blouse-t732609-t732609 (Depth: 1)", "module": "crawler"}
{"timestamp": "2026-01-12T16:58:49.736824", "level": "INFO", "message": "Processing: https://tulsisilks.co.in/product/maroon-kanjivaram-silk-saree-t639440-t639440 (Depth: 1)", "module": "crawler"}
{"timestamp": "2026-01-12T16:58:52.321914", "level": "INFO", "message": "Processing: https://tulsisilks.co.in/account (Depth: 1)", "module": "crawler"}
{"timestamp": "2026-01-12T16:58:56.849171", "level": "INFO", "message": "Processing: https://tulsisilks.co.in/category/embroidered-sarees (Depth: 1)", "module": "crawler"}
{"timestamp": "2026-01-12T16:58:59.240706", "level": "INFO", "message": "Processing: https://tulsisilks.co.in/product/purple-kanjivaram-silk-saree-t732657-t732657 (Depth: 1)", "module": "crawler"}
{"timestamp": "2026-01-12T16:59:02.209584", "level": "INFO", "message": "Processing: https://tulsisilks.co.in/product/greenish-blue-soft-silk-saree-t714809-t714809 (Depth: 1)", "module": "crawler"}
{"timestamp": "2026-01-12T16:59:04.476400", "level": "INFO", "message": "Processing: https://tulsisilks.co.in/category/chiffon (Depth: 1)", "module": "crawler"}
{"timestamp": "2026-01-12T16:59:07.308650", "level": "INFO", "message": "Processing: https://tulsisilks.co.in/category/kani-silk (Depth: 1)", "module": "crawler"}
{"timestamp": "2026-01-12T16:59:09.577307", "level": "INFO", "message": "Processing: https://tulsisilks.co.in/blogs/design-ideas-for-black-sarees-borders-motifs-embroidery-modern-patterns (Depth: 1)", "module": "crawler"}
{"timestamp": "2026-01-12T16:59:12.369071", "level": "INFO", "message": "Processing: https://tulsisilks.co.in/category/green-sarees (Depth: 1)", "module": "crawler"}
{"timestamp": "2026-01-12T16:59:15.486634", "level": "INFO", "message": "Processing: https://tulsisilks.co.in/product/purple-patola-silk-saree-t734516-t734516 (Depth: 1)", "module": "crawler"}
{"timestamp": "2026-01-12T16:59:17.866332", "level": "INFO", "message": "Processing: https://tulsisilks.co.in/category/kantha-work (Depth: 1)", "module": "crawler"}
{"timestamp": "2026-01-12T16:59:20.086529", "level": "INFO", "message": "Processing: https://tulsisilks.co.in/product/white-linen-printed-saree-t483768-t483768 (Depth: 1)", "module": "crawler"}
{"timestamp": "2026-01-12T16:59:23.524297", "level": "INFO", "message": "Processing: https://tulsisilks.co.in/product/peacock-blue-kanjivaram-silk-saree-t667086-t667086 (Depth: 1)", "module": "crawler"}
{"timestamp": "2026-01-12T16:59:25.872496", "level": "INFO", "message": "Processing: https://tulsisilks.co.in/product/blue-ikat-silk-saree-t734687-t734687 (Depth: 1)", "module": "crawler"}
{"timestamp": "2026-01-12T16:59:28.506058", "level": "INFO", "message": "Processing: https://tulsisilks.co.in/product/yellow-kanjivaram-silk-saree-t677497-t677497 (Depth: 1)", "module": "crawler"}
{"timestamp": "2026-01-12T16:59:31.626505", "level": "INFO", "message": "Processing: https://tulsisilks.co.in/category/bandhani (Depth: 1)", "module": "crawler"}
{"timestamp": "2026-01-12T16:59:33.737449", "level": "INFO", "message": "Processing: https://tulsisilks.co.in/blogs/how-to-dress-up-in-a-black-saree-a-step-by-step-guide-to-a-stunning-look (Depth: 1)", "module": "crawler"}
{"timestamp": "2026-01-12T16:59:37.086862", "level": "INFO", "message": "Processing: https://tulsisilks.co.in/product/black-kanjivaram-silk-saree-t665879-t665879 (Depth: 1)", "module": "crawler"}
{"timestamp": "2026-01-12T16:59:39.659276", "level": "INFO", "message": "Processing: https://tulsisilks.co.in/product/purple-kanjivaram-silk-saree-t680610-t680610 (Depth: 1)", "module": "crawler"}
{"timestamp": "2026-01-12T16:59:42.291570", "level": "INFO", "message": "Processing: https://tulsisilks.co.in/category/festive-sarees (Depth: 1)", "module": "crawler"}
{"timestamp": "2026-01-12T16:59:44.953552", "level": "INFO", "message": "Processing: https://tulsisilks.co.in/product/light-blue-kanjivaram-silk-saree-t728626-t728626 (Depth: 1)", "module": "crawler"}
{"timestamp": "2026-01-12T16:59:47.312696", "level": "INFO", "message": "Processing: https://tulsisilks.co.in/category/summer-sarees (Depth: 1)", "module": "crawler"}
{"timestamp": "2026-01-12T16:59:50.118381", "level": "INFO", "message": "Processing: https://tulsisilks.co.in/category/traditional-sarees (Depth: 1)", "module": "crawler"}
{"timestamp": "2026-01-12T16:59:52.790387", "level": "INFO", "message": "Processing: https://tulsisilks.co.in/category/bridal-sarees (Depth: 1)", "module": "crawler"}
{"timestamp": "2026-01-12T16:59:55.812832", "level": "INFO", "message": "Processing: https://tulsisilks.co.in/category/blue-sarees (Depth: 1)", "module": "crawler"}
{"timestamp": "2026-01-12T16:59:58.234547", "level": "INFO", "message": "Processing: https://tulsisilks.co.in/product/off-white-patola-silk-handpainted-saree-t669472-t669472 (Depth: 1)", "module": "crawler"}
{"timestamp": "2026-01-12T17:00:01.067165", "level": "INFO", "message": "Processing: https://tulsisilks.co.in/product/off-white-handwoven-kanjivaram-silk-dhoti-and-vastharam-t721989-t721989 (Depth: 1)", "module": "crawler"}
{"timestamp": "2026-01-12T17:00:05.460516", "level": "INFO", "message": "Processing: https://tulsisilks.co.in/category/beige-sarees (Depth: 1)", "module": "crawler"}
{"timestamp": "2026-01-12T17:00:08.364493", "level": "INFO", "message": "Processing: https://tulsisilks.co.in/product/grey-crepe-silk-saree-t679008-t679008 (Depth: 1)", "module": "crawler"}
{"timestamp": "2026-01-12T17:00:12.466488", "level": "INFO", "message": "Processing: https://tulsisilks.co.in/product/pink-kanjivaram-silk-kids-pavadai-t642378-t642378 (Depth: 1)", "module": "crawler"}
{"timestamp": "2026-01-12T17:00:15.220841", "level": "INFO", "message": "Processing: https://tulsisilks.co.in/product/grey-crepe-silk-saree-t679019-t679019 (Depth: 1)", "module": "crawler"}
{"timestamp": "2026-01-12T17:00:17.667634", "level": "INFO", "message": "Processing: https://tulsisilks.co.in/blogs/creative-black-saree-drapes-you-must-try-from-party-looks-to-traditional-styles (Depth: 1)", "module": "crawler"}
{"timestamp": "2026-01-12T17:00:19.846986", "level": "INFO", "message": "Processing: https://tulsisilks.co.in/blogs/how-to-style-a-plain-black-saree-turning-simplicity-into-sophistication (Depth: 1)", "module": "crawler"}
{"timestamp": "2026-01-12T17:00:23.367136", "level": "INFO", "message": "Processing: https://tulsisilks.co.in/category/mysore-silk (Depth: 1)", "module": "crawler"}
{"timestamp": "2026-01-12T17:00:26.289869", "level": "INFO", "message": "Processing: https://tulsisilks.co.in/wishlist (Depth: 1)", "module": "crawler"}
{"timestamp": "2026-01-12T17:00:28.027385", "level": "INFO", "message": "Processing: https://tulsisilks.co.in/product/red-crepe-silk-saree-t679020-t679020 (Depth: 1)", "module": "crawler"}
{"timestamp": "2026-01-12T17:00:31.371380", "level": "INFO", "message": "Processing: https://tulsisilks.co.in/product/blue-kanjivaram-silk-saree-t682878-1-t682878-1 (Depth: 1)", "module": "crawler"}
{"timestamp": "2026-01-12T17:00:33.930526", "level": "INFO", "message": "Processing: https://tulsisilks.co.in/category/brown-sarees (Depth: 1)", "module": "crawler"}
{"timestamp": "2026-01-12T17:00:36.392431", "level": "INFO", "message": "Processing: https://tulsisilks.co.in/category/ajrakh (Depth: 1)", "module": "crawler"}
{"timestamp": "2026-01-12T17:00:38.448208", "level": "INFO", "message": "Processing: https://tulsisilks.co.in/product/lavender-kanjivaram-silk-saree-t723321-t723321 (Depth: 1)", "module": "crawler"}
{"timestamp": "2026-01-12T17:00:40.794829", "level": "INFO", "message": "Processing: https://tulsisilks.co.in/category/farewell-sarees (Depth: 1)", "module": "crawler"}
{"timestamp": "2026-01-12T17:00:43.090074", "level": "INFO", "message": "Processing: https://tulsisilks.co.in/blogs/draping-styles-for-black-sarees-elegant-modern-festive-techniques (Depth: 1)", "module": "crawler"}
{"timestamp": "2026-01-12T17:00:46.602894", "level": "INFO", "message": "Processing: https://tulsisilks.co.in/category/maroon-sarees (Depth: 1)", "module": "crawler"}
{"timestamp": "2026-01-12T17:00:49.205191", "level": "INFO", "message": "Processing: https://tulsisilks.co.in/category/ikat (Depth: 1)", "module": "crawler"}
{"timestamp": "2026-01-12T17:00:52.305417", "level": "INFO", "message": "Processing: https://tulsisilks.co.in/category/printed-sarees (Depth: 1)", "module": "crawler"}
{"timestamp": "2026-01-12T17:00:55.267775", "level": "INFO", "message": "Processing: https://tulsisilks.co.in/category/uppada-silk (Depth: 1)", "module": "crawler"}
{"timestamp": "2026-01-12T17:00:58.396238", "level": "INFO", "message": "Processing: https://tulsisilks.co.in/category/kanjivaram-silk-sarees (Depth: 1)", "module": "crawler"}
{"timestamp": "2026-01-12T17:01:02.413964", "level": "INFO", "message": "Processing: https://tulsisilks.co.in/blogs/wedding-appropriate-saree-styling-why-black-is-best-avoided-where-it-truly-shines (Depth: 1)", "module": "crawler"}
{"timestamp": "2026-01-12T17:01:05.888958", "level": "INFO", "message": "Processing: https://tulsisilks.co.in/product/bluish-purple-kanjivaram-silk-saree-t649916-t649916 (Depth: 1)", "module": "crawler"}
{"timestamp": "2026-01-12T17:01:08.417997", "level": "INFO", "message": "Processing: https://tulsisilks.co.in/category/multi-colour-sarees (Depth: 1)", "module": "crawler"}
{"timestamp": "2026-01-12T17:01:11.620026", "level": "INFO", "message": "Processing: https://tulsisilks.co.in/category/pink-sarees (Depth: 1)", "module": "crawler"}
{"timestamp": "2026-01-12T17:01:14.198566", "level": "INFO", "message": "Processing: https://tulsisilks.co.in/cart (Depth: 1)", "module": "crawler"}
{"timestamp": "2026-01-12T17:01:15.880046", "level": "INFO", "message": "Processing: https://tulsisilks.co.in/product/green-kanjivaram-silk-kids-pavadai-t432407-1-t432407-1 (Depth: 1)", "module": "crawler"}
{"timestamp": "2026-01-12T17:01:19.069451", "level": "INFO", "message": "Processing: https://tulsisilks.co.in/category/karwa-chauth-sarees (Depth: 1)", "module": "crawler"}
{"timestamp": "2026-01-12T17:01:21.208432", "level": "INFO", "message": "Processing: https://tulsisilks.co.in/category/pongal-sarees (Depth: 1)", "module": "crawler"}
{"timestamp": "2026-01-12T17:01:23.267283", "level": "INFO", "message": "Processing: https://tulsisilks.co.in/category/black-sarees (Depth: 1)", "module": "crawler"}
{"timestamp": "2026-01-12T17:01:26.786397", "level": "INFO", "message": "Processing: https://tulsisilks.co.in/category/diwali-sarees (Depth: 1)", "module": "crawler"}
{"timestamp": "2026-01-12T17:01:29.234016", "level": "INFO", "message": "Processing: https://tulsisilks.co.in/blogs/should-you-wear-a-black-saree-to-a-wedding-style-alternatives-what-to-choose-instead (Depth: 1)", "module": "crawler"}
{"timestamp": "2026-01-12T17:01:31.934445", "level": "INFO", "message": "Closing WebDriver...", "module": "crawler"}
{"timestamp": "2026-01-12T17:01:48.224506", "level": "INFO", "message": "Crawl finished.", "module": "crawler"}
{"timestamp": "2026-01-27T11:49:16.880495", "level": "INFO", "message": "Configuration validated.", "module": "main"}
{"timestamp": "2026-01-27T11:49:27.405021", "level": "ERROR", "message": "Failed to create driver: Could not reach host. Are you offline?", "module": "driver_manager"}
{"timestamp": "2026-01-27T11:49:27.416384", "level": "INFO", "message": "Starting crawl on https://tulsisilks.co.in/ with max_depth=1", "module": "crawler"}
{"timestamp": "2026-01-27T11:49:27.417904", "level": "INFO", "message": "Processing: https://tulsisilks.co.in/ (Depth: 0)", "module": "crawler"}
{"timestamp": "2026-01-27T11:49:29.979264", "level": "INFO", "message": "Crawl finished.", "module": "crawler"}
{"timestamp": "2026-01-27T11:54:51.023585", "level": "INFO", "message": "Starting crawl on https://tulsisilks.co.in/category/uppada-silk with max_depth=1", "module": "crawler"}
{"timestamp": "2026-01-27T11:54:51.025096", "level": "INFO", "message": "Processing: https://tulsisilks.co.in/category/uppada-silk (Depth: 0)", "module": "crawler"}
{"timestamp": "2026-01-27T11:55:22.448533", "level": "INFO", "message": "Retrying with Selenium: https://tulsisilks.co.in/category/uppada-silk", "module": "crawler"}
{"timestamp": "2026-01-27T11:55:52.467137", "level": "INFO", "message": "Closing WebDriver...", "module": "crawler"}
{"timestamp": "2026-01-27T11:55:54.643133", "level": "INFO", "message": "Crawl finished.", "module": "crawler"}
{"timestamp": "2026-01-27T11:58:00.345810", "level": "INFO", "message": "Starting crawl on https://tulsisilks.co.in/category/uppada-silk with max_depth=1", "module": "crawler"}
{"timestamp": "2026-01-27T11:58:00.347000", "level": "INFO", "message": "Processing: https://tulsisilks.co.in/category/uppada-silk (Depth: 0)", "module": "crawler"}
{"timestamp": "2026-01-27T11:58:50.871055", "level": "INFO", "message": "Processing: https://tulsisilks.co.in/category/black-georgette-sarees (Depth: 1)", "module": "crawler"}
{"timestamp": "2026-01-27T11:59:35.358010", "level": "INFO", "message": "Processing: https://tulsisilks.co.in/category/linen-embroidery (Depth: 1)", "module": "crawler"}
{"timestamp": "2026-01-27T12:00:19.394349", "level": "INFO", "message": "Processing: https://tulsisilks.co.in/category/black-kanjivaram-silk-sarees (Depth: 1)", "module": "crawler"}
{"timestamp": "2026-01-27T12:01:00.674709", "level": "INFO", "message": "Processing: https://tulsisilks.co.in/category/cutwork-organza-sarees (Depth: 1)", "module": "crawler"}
